<?xml version="1.0" encoding="UTF-8"?><testsuites failures="48" name="dependency-check" tests="72"><testsuite failures="0" id="0" name="C:\Abhinav_work\scanning\Dependecy_Check_Log4j\projects\performance-monitoring\traffic-cop\gradle\wrapper\gradle-wrapper.jar" package="gradle-wrapper.jar" skipped="0" tests="1" timestamp="2021-12-16T18:59:46.8787295"><testcase classname="dependency-check" name="gradle-wrapper.jar"/></testsuite><testsuite failures="0" id="1" name="C:\Abhinav_work\scanning\Dependecy_Check_Log4j\projects\performance-monitoring\http-listener\.mvn\wrapper\maven-wrapper.jar" package="maven-wrapper.jar" skipped="0" tests="1" timestamp="2021-12-16T18:59:46.8787295"><testcase classname="dependency-check" name="maven-wrapper.jar"/></testsuite><testsuite failures="0" id="2" name="C:\Abhinav_work\scanning\Dependecy_Check_Log4j\projects\performance-monitoring\publisher\.mvn\wrapper\maven-wrapper.jar" package="maven-wrapper.jar" skipped="0" tests="1" timestamp="2021-12-16T18:59:46.8787295"><testcase classname="dependency-check" name="maven-wrapper.jar"/></testsuite><testsuite failures="0" id="3" name="C:\Abhinav_work\scanning\Dependecy_Check_Log4j\projects\performance-monitoring\publisher\target\publisher-0.0.1-SNAPSHOT.jar\BOOT-INF\lib\HdrHistogram-2.1.11.jar" package="publisher-0.0.1-SNAPSHOT.jar: HdrHistogram-2.1.11.jar" skipped="0" tests="1" timestamp="2021-12-16T18:59:46.8787295"><testcase classname="dependency-check" name="publisher-0.0.1-SNAPSHOT.jar: HdrHistogram-2.1.11.jar"/></testsuite><testsuite failures="0" id="4" name="C:\Abhinav_work\scanning\Dependecy_Check_Log4j\projects\performance-monitoring\publisher\target\publisher-0.0.1-SNAPSHOT.jar\BOOT-INF\lib\LatencyUtils-2.0.3.jar" package="publisher-0.0.1-SNAPSHOT.jar: LatencyUtils-2.0.3.jar" skipped="0" tests="1" timestamp="2021-12-16T18:59:46.8787295"><testcase classname="dependency-check" name="publisher-0.0.1-SNAPSHOT.jar: LatencyUtils-2.0.3.jar"/></testsuite><testsuite failures="0" id="5" name="C:\Abhinav_work\scanning\Dependecy_Check_Log4j\projects\performance-monitoring\publisher\target\publisher-0.0.1-SNAPSHOT.jar\BOOT-INF\lib\amqp-client-5.7.3.jar" package="publisher-0.0.1-SNAPSHOT.jar: amqp-client-5.7.3.jar" skipped="0" tests="1" timestamp="2021-12-16T18:59:46.8787295"><testcase classname="dependency-check" name="publisher-0.0.1-SNAPSHOT.jar: amqp-client-5.7.3.jar"/></testsuite><testsuite failures="0" id="6" name="C:\Abhinav_work\scanning\Dependecy_Check_Log4j\projects\performance-monitoring\publisher\target\publisher-0.0.1-SNAPSHOT.jar\BOOT-INF\lib\apiguardian-api-1.1.0.jar" package="publisher-0.0.1-SNAPSHOT.jar: apiguardian-api-1.1.0.jar" skipped="0" tests="1" timestamp="2021-12-16T18:59:46.8787295"><testcase classname="dependency-check" name="publisher-0.0.1-SNAPSHOT.jar: apiguardian-api-1.1.0.jar"/></testsuite><testsuite failures="0" id="7" name="C:\Abhinav_work\scanning\Dependecy_Check_Log4j\projects\performance-monitoring\publisher\target\publisher-0.0.1-SNAPSHOT.jar\BOOT-INF\lib\aspectjrt-1.9.5.jar" package="publisher-0.0.1-SNAPSHOT.jar: aspectjrt-1.9.5.jar" skipped="0" tests="1" timestamp="2021-12-16T18:59:46.8787295"><testcase classname="dependency-check" name="publisher-0.0.1-SNAPSHOT.jar: aspectjrt-1.9.5.jar"/></testsuite><testsuite failures="0" id="8" name="C:\Abhinav_work\scanning\Dependecy_Check_Log4j\projects\performance-monitoring\publisher\target\publisher-0.0.1-SNAPSHOT.jar\BOOT-INF\lib\aspectjweaver-1.9.5.jar" package="publisher-0.0.1-SNAPSHOT.jar: aspectjweaver-1.9.5.jar" skipped="0" tests="1" timestamp="2021-12-16T18:59:46.8787295"><testcase classname="dependency-check" name="publisher-0.0.1-SNAPSHOT.jar: aspectjweaver-1.9.5.jar"/></testsuite><testsuite failures="0" id="9" name="C:\Abhinav_work\scanning\Dependecy_Check_Log4j\projects\performance-monitoring\publisher\target\publisher-0.0.1-SNAPSHOT.jar\BOOT-INF\lib\bcpkix-jdk15on-1.64.jar" package="publisher-0.0.1-SNAPSHOT.jar: bcpkix-jdk15on-1.64.jar" skipped="0" tests="1" timestamp="2021-12-16T18:59:46.8787295"><testcase classname="dependency-check" name="publisher-0.0.1-SNAPSHOT.jar: bcpkix-jdk15on-1.64.jar"/></testsuite><testsuite failures="1" id="10" name="C:\Abhinav_work\scanning\Dependecy_Check_Log4j\projects\performance-monitoring\publisher\target\publisher-0.0.1-SNAPSHOT.jar\BOOT-INF\lib\bcprov-jdk15on-1.64.jar" package="publisher-0.0.1-SNAPSHOT.jar: bcprov-jdk15on-1.64.jar" skipped="0" tests="1" timestamp="2021-12-16T18:59:46.8787295"><testcase classname="CVE-2020-15522" name="pkg:maven/org.bouncycastle/bcprov-jdk15on@1.64"><failure message="cvssV3: MEDIUM, score: 5.9 (CVSS:3.1/AV:N/AC:H/PR:N/UI:N/S:U/C:H/I:N/A:N)"/><system-out>Bouncy Castle BC Java before 1.66, BC C# .NET before 1.8.7, BC-FJA before 1.0.1.2, 1.0.2.1, and BC-FNA before 1.0.1.1 have a timing issue within the EC math library that can expose information about the private key when an attacker is able to observe timing information for the generation of multiple deterministic ECDSA signatures.</system-out><system-err>location: C:\Abhinav_work\scanning\Dependecy_Check_Log4j\projects\performance-monitoring\publisher\target\publisher-0.0.1-SNAPSHOT.jar\BOOT-INF\lib\bcprov-jdk15on-1.64.jar</system-err></testcase></testsuite><testsuite failures="0" id="11" name="C:\Abhinav_work\scanning\Dependecy_Check_Log4j\projects\performance-monitoring\publisher\target\publisher-0.0.1-SNAPSHOT.jar\BOOT-INF\lib\brave-5.10.1.jar" package="publisher-0.0.1-SNAPSHOT.jar: brave-5.10.1.jar" skipped="0" tests="1" timestamp="2021-12-16T18:59:46.8787295"><testcase classname="dependency-check" name="publisher-0.0.1-SNAPSHOT.jar: brave-5.10.1.jar"/></testsuite><testsuite failures="0" id="12" name="C:\Abhinav_work\scanning\Dependecy_Check_Log4j\projects\performance-monitoring\publisher\target\publisher-0.0.1-SNAPSHOT.jar\BOOT-INF\lib\brave-context-log4j2-5.10.1.jar" package="publisher-0.0.1-SNAPSHOT.jar: brave-context-log4j2-5.10.1.jar" skipped="0" tests="1" timestamp="2021-12-16T18:59:46.8787295"><testcase classname="dependency-check" name="publisher-0.0.1-SNAPSHOT.jar: brave-context-log4j2-5.10.1.jar"/></testsuite><testsuite failures="0" id="13" name="C:\Abhinav_work\scanning\Dependecy_Check_Log4j\projects\performance-monitoring\publisher\target\publisher-0.0.1-SNAPSHOT.jar\BOOT-INF\lib\brave-instrumentation-http-5.10.1.jar" package="publisher-0.0.1-SNAPSHOT.jar: brave-instrumentation-http-5.10.1.jar" skipped="0" tests="1" timestamp="2021-12-16T18:59:46.8787295"><testcase classname="dependency-check" name="publisher-0.0.1-SNAPSHOT.jar: brave-instrumentation-http-5.10.1.jar"/></testsuite><testsuite failures="0" id="14" name="C:\Abhinav_work\scanning\Dependecy_Check_Log4j\projects\performance-monitoring\publisher\target\publisher-0.0.1-SNAPSHOT.jar\BOOT-INF\lib\brave-instrumentation-httpasyncclient-5.10.1.jar" package="publisher-0.0.1-SNAPSHOT.jar: brave-instrumentation-httpasyncclient-5.10.1.jar" skipped="0" tests="1" timestamp="2021-12-16T18:59:46.8787295"><testcase classname="dependency-check" name="publisher-0.0.1-SNAPSHOT.jar: brave-instrumentation-httpasyncclient-5.10.1.jar"/></testsuite><testsuite failures="0" id="15" name="C:\Abhinav_work\scanning\Dependecy_Check_Log4j\projects\performance-monitoring\publisher\target\publisher-0.0.1-SNAPSHOT.jar\BOOT-INF\lib\brave-instrumentation-httpclient-5.10.1.jar" package="publisher-0.0.1-SNAPSHOT.jar: brave-instrumentation-httpclient-5.10.1.jar" skipped="0" tests="1" timestamp="2021-12-16T18:59:46.8787295"><testcase classname="dependency-check" name="publisher-0.0.1-SNAPSHOT.jar: brave-instrumentation-httpclient-5.10.1.jar"/></testsuite><testsuite failures="0" id="16" name="C:\Abhinav_work\scanning\Dependecy_Check_Log4j\projects\performance-monitoring\publisher\target\publisher-0.0.1-SNAPSHOT.jar\BOOT-INF\lib\brave-instrumentation-jms-5.10.1.jar" package="publisher-0.0.1-SNAPSHOT.jar: brave-instrumentation-jms-5.10.1.jar" skipped="0" tests="1" timestamp="2021-12-16T18:59:46.8787295"><testcase classname="dependency-check" name="publisher-0.0.1-SNAPSHOT.jar: brave-instrumentation-jms-5.10.1.jar"/></testsuite><testsuite failures="0" id="17" name="C:\Abhinav_work\scanning\Dependecy_Check_Log4j\projects\performance-monitoring\publisher\target\publisher-0.0.1-SNAPSHOT.jar\BOOT-INF\lib\brave-instrumentation-kafka-clients-5.10.1.jar" package="publisher-0.0.1-SNAPSHOT.jar: brave-instrumentation-kafka-clients-5.10.1.jar" skipped="0" tests="1" timestamp="2021-12-16T18:59:46.8787295"><testcase classname="dependency-check" name="publisher-0.0.1-SNAPSHOT.jar: brave-instrumentation-kafka-clients-5.10.1.jar"/></testsuite><testsuite failures="0" id="18" name="C:\Abhinav_work\scanning\Dependecy_Check_Log4j\projects\performance-monitoring\publisher\target\publisher-0.0.1-SNAPSHOT.jar\BOOT-INF\lib\brave-instrumentation-messaging-5.10.1.jar" package="publisher-0.0.1-SNAPSHOT.jar: brave-instrumentation-messaging-5.10.1.jar" skipped="0" tests="1" timestamp="2021-12-16T18:59:46.8787295"><testcase classname="dependency-check" name="publisher-0.0.1-SNAPSHOT.jar: brave-instrumentation-messaging-5.10.1.jar"/></testsuite><testsuite failures="0" id="19" name="C:\Abhinav_work\scanning\Dependecy_Check_Log4j\projects\performance-monitoring\publisher\target\publisher-0.0.1-SNAPSHOT.jar\BOOT-INF\lib\brave-instrumentation-rpc-5.10.1.jar" package="publisher-0.0.1-SNAPSHOT.jar: brave-instrumentation-rpc-5.10.1.jar" skipped="0" tests="1" timestamp="2021-12-16T18:59:46.8787295"><testcase classname="dependency-check" name="publisher-0.0.1-SNAPSHOT.jar: brave-instrumentation-rpc-5.10.1.jar"/></testsuite><testsuite failures="0" id="20" name="C:\Abhinav_work\scanning\Dependecy_Check_Log4j\projects\performance-monitoring\publisher\target\publisher-0.0.1-SNAPSHOT.jar\BOOT-INF\lib\brave-instrumentation-servlet-5.10.1.jar" package="publisher-0.0.1-SNAPSHOT.jar: brave-instrumentation-servlet-5.10.1.jar" skipped="0" tests="1" timestamp="2021-12-16T18:59:46.8787295"><testcase classname="dependency-check" name="publisher-0.0.1-SNAPSHOT.jar: brave-instrumentation-servlet-5.10.1.jar"/></testsuite><testsuite failures="0" id="21" name="C:\Abhinav_work\scanning\Dependecy_Check_Log4j\projects\performance-monitoring\publisher\target\publisher-0.0.1-SNAPSHOT.jar\BOOT-INF\lib\brave-instrumentation-spring-rabbit-5.10.1.jar" package="publisher-0.0.1-SNAPSHOT.jar: brave-instrumentation-spring-rabbit-5.10.1.jar" skipped="0" tests="1" timestamp="2021-12-16T18:59:46.8787295"><testcase classname="dependency-check" name="publisher-0.0.1-SNAPSHOT.jar: brave-instrumentation-spring-rabbit-5.10.1.jar"/></testsuite><testsuite failures="0" id="22" name="C:\Abhinav_work\scanning\Dependecy_Check_Log4j\projects\performance-monitoring\publisher\target\publisher-0.0.1-SNAPSHOT.jar\BOOT-INF\lib\brave-instrumentation-spring-web-5.10.1.jar" package="publisher-0.0.1-SNAPSHOT.jar: brave-instrumentation-spring-web-5.10.1.jar" skipped="0" tests="1" timestamp="2021-12-16T18:59:46.8787295"><testcase classname="dependency-check" name="publisher-0.0.1-SNAPSHOT.jar: brave-instrumentation-spring-web-5.10.1.jar"/></testsuite><testsuite failures="0" id="23" name="C:\Abhinav_work\scanning\Dependecy_Check_Log4j\projects\performance-monitoring\publisher\target\publisher-0.0.1-SNAPSHOT.jar\BOOT-INF\lib\brave-instrumentation-spring-webmvc-5.10.1.jar" package="publisher-0.0.1-SNAPSHOT.jar: brave-instrumentation-spring-webmvc-5.10.1.jar" skipped="0" tests="1" timestamp="2021-12-16T18:59:46.8787295"><testcase classname="dependency-check" name="publisher-0.0.1-SNAPSHOT.jar: brave-instrumentation-spring-webmvc-5.10.1.jar"/></testsuite><testsuite failures="0" id="24" name="C:\Abhinav_work\scanning\Dependecy_Check_Log4j\projects\performance-monitoring\publisher\target\publisher-0.0.1-SNAPSHOT.jar\BOOT-INF\lib\classmate-1.5.1.jar" package="publisher-0.0.1-SNAPSHOT.jar: classmate-1.5.1.jar" skipped="0" tests="1" timestamp="2021-12-16T18:59:46.8787295"><testcase classname="dependency-check" name="publisher-0.0.1-SNAPSHOT.jar: classmate-1.5.1.jar"/></testsuite><testsuite failures="0" id="25" name="C:\Abhinav_work\scanning\Dependecy_Check_Log4j\projects\performance-monitoring\publisher\target\publisher-0.0.1-SNAPSHOT.jar\BOOT-INF\lib\commons-codec-1.13.jar" package="publisher-0.0.1-SNAPSHOT.jar: commons-codec-1.13.jar" skipped="0" tests="1" timestamp="2021-12-16T18:59:46.8787295"><testcase classname="dependency-check" name="publisher-0.0.1-SNAPSHOT.jar: commons-codec-1.13.jar"/></testsuite><testsuite failures="1" id="26" name="C:\Abhinav_work\scanning\Dependecy_Check_Log4j\projects\performance-monitoring\publisher\target\publisher-0.0.1-SNAPSHOT.jar\BOOT-INF\lib\hibernate-validator-6.0.18.Final.jar" package="publisher-0.0.1-SNAPSHOT.jar: hibernate-validator-6.0.18.Final.jar" skipped="0" tests="1" timestamp="2021-12-16T18:59:46.8787295"><testcase classname="CVE-2020-10693" name="pkg:maven/org.hibernate.validator/hibernate-validator@6.0.18.Final"><failure message="cvssV3: MEDIUM, score: 5.3 (CVSS:3.1/AV:N/AC:L/PR:N/UI:N/S:U/C:N/I:L/A:N)"/><system-out>A flaw was found in Hibernate Validator version 6.1.2.Final. A bug in the message interpolation processor enables invalid EL expressions to be evaluated as if they were valid. This flaw allows attackers to bypass input sanitation (escaping, stripping) controls that developers may have put in place when handling user-controlled data in error messages.</system-out><system-err>location: C:\Abhinav_work\scanning\Dependecy_Check_Log4j\projects\performance-monitoring\publisher\target\publisher-0.0.1-SNAPSHOT.jar\BOOT-INF\lib\hibernate-validator-6.0.18.Final.jar</system-err></testcase></testsuite><testsuite failures="0" id="27" name="C:\Abhinav_work\scanning\Dependecy_Check_Log4j\projects\performance-monitoring\publisher\target\publisher-0.0.1-SNAPSHOT.jar\BOOT-INF\lib\http-client-2.1.0.RELEASE.jar" package="publisher-0.0.1-SNAPSHOT.jar: http-client-2.1.0.RELEASE.jar" skipped="0" tests="1" timestamp="2021-12-16T18:59:46.8787295"><testcase classname="dependency-check" name="publisher-0.0.1-SNAPSHOT.jar: http-client-2.1.0.RELEASE.jar"/></testsuite><testsuite failures="1" id="28" name="C:\Abhinav_work\scanning\Dependecy_Check_Log4j\projects\performance-monitoring\publisher\target\publisher-0.0.1-SNAPSHOT.jar\BOOT-INF\lib\httpclient-4.5.11.jar" package="publisher-0.0.1-SNAPSHOT.jar: httpclient-4.5.11.jar" skipped="0" tests="1" timestamp="2021-12-16T18:59:46.8787295"><testcase classname="CVE-2020-13956" name="pkg:maven/org.apache.httpcomponents/httpclient@4.5.11"><failure message="cvssV3: MEDIUM, score: 5.3 (CVSS:3.1/AV:N/AC:L/PR:N/UI:N/S:U/C:N/I:L/A:N)"/><system-out>Apache HttpClient versions prior to version 4.5.13 and 5.0.3 can misinterpret malformed authority component in request URIs passed to the library as java.net.URI object and pick the wrong target host for request execution.</system-out><system-err>location: C:\Abhinav_work\scanning\Dependecy_Check_Log4j\projects\performance-monitoring\publisher\target\publisher-0.0.1-SNAPSHOT.jar\BOOT-INF\lib\httpclient-4.5.11.jar</system-err></testcase></testsuite><testsuite failures="0" id="29" name="C:\Abhinav_work\scanning\Dependecy_Check_Log4j\projects\performance-monitoring\publisher\target\publisher-0.0.1-SNAPSHOT.jar\BOOT-INF\lib\httpcore-4.4.13.jar" package="publisher-0.0.1-SNAPSHOT.jar: httpcore-4.4.13.jar" skipped="0" tests="1" timestamp="2021-12-16T18:59:46.8787295"><testcase classname="dependency-check" name="publisher-0.0.1-SNAPSHOT.jar: httpcore-4.4.13.jar"/></testsuite><testsuite failures="0" id="30" name="C:\Abhinav_work\scanning\Dependecy_Check_Log4j\projects\performance-monitoring\publisher\target\publisher-0.0.1-SNAPSHOT.jar\BOOT-INF\lib\jackson-core-2.10.2.jar" package="publisher-0.0.1-SNAPSHOT.jar: jackson-core-2.10.2.jar" skipped="0" tests="1" timestamp="2021-12-16T18:59:46.8787295"><testcase classname="dependency-check" name="publisher-0.0.1-SNAPSHOT.jar: jackson-core-2.10.2.jar"/></testsuite><testsuite failures="1" id="31" name="C:\Abhinav_work\scanning\Dependecy_Check_Log4j\projects\performance-monitoring\publisher\target\publisher-0.0.1-SNAPSHOT.jar\BOOT-INF\lib\jackson-databind-2.10.2.jar" package="publisher-0.0.1-SNAPSHOT.jar: jackson-databind-2.10.2.jar" skipped="0" tests="1" timestamp="2021-12-16T18:59:46.8787295"><testcase classname="CVE-2020-25649" name="pkg:maven/com.fasterxml.jackson.core/jackson-databind@2.10.2"><failure message="cvssV3: HIGH, score: 7.5 (CVSS:3.1/AV:N/AC:L/PR:N/UI:N/S:U/C:N/I:H/A:N)"/><system-out>A flaw was found in FasterXML Jackson Databind, where it did not have entity expansion secured properly. This flaw allows vulnerability to XML external entity (XXE) attacks. The highest threat from this vulnerability is data integrity.</system-out><system-err>location: C:\Abhinav_work\scanning\Dependecy_Check_Log4j\projects\performance-monitoring\publisher\target\publisher-0.0.1-SNAPSHOT.jar\BOOT-INF\lib\jackson-databind-2.10.2.jar</system-err></testcase></testsuite><testsuite failures="0" id="32" name="C:\Abhinav_work\scanning\Dependecy_Check_Log4j\projects\performance-monitoring\publisher\target\publisher-0.0.1-SNAPSHOT.jar\BOOT-INF\lib\jakarta.annotation-api-1.3.5.jar" package="publisher-0.0.1-SNAPSHOT.jar: jakarta.annotation-api-1.3.5.jar" skipped="0" tests="1" timestamp="2021-12-16T18:59:46.8787295"><testcase classname="dependency-check" name="publisher-0.0.1-SNAPSHOT.jar: jakarta.annotation-api-1.3.5.jar"/></testsuite><testsuite failures="0" id="33" name="C:\Abhinav_work\scanning\Dependecy_Check_Log4j\projects\performance-monitoring\publisher\target\publisher-0.0.1-SNAPSHOT.jar\BOOT-INF\lib\jakarta.validation-api-2.0.2.jar" package="publisher-0.0.1-SNAPSHOT.jar: jakarta.validation-api-2.0.2.jar" skipped="0" tests="1" timestamp="2021-12-16T18:59:46.8787295"><testcase classname="dependency-check" name="publisher-0.0.1-SNAPSHOT.jar: jakarta.validation-api-2.0.2.jar"/></testsuite><testsuite failures="0" id="34" name="C:\Abhinav_work\scanning\Dependecy_Check_Log4j\projects\performance-monitoring\publisher\target\publisher-0.0.1-SNAPSHOT.jar\BOOT-INF\lib\javax.annotation-api-1.3.2.jar" package="publisher-0.0.1-SNAPSHOT.jar: javax.annotation-api-1.3.2.jar" skipped="0" tests="1" timestamp="2021-12-16T18:59:46.8787295"><testcase classname="dependency-check" name="publisher-0.0.1-SNAPSHOT.jar: javax.annotation-api-1.3.2.jar"/></testsuite><testsuite failures="0" id="35" name="C:\Abhinav_work\scanning\Dependecy_Check_Log4j\projects\performance-monitoring\publisher\target\publisher-0.0.1-SNAPSHOT.jar\BOOT-INF\lib\jboss-logging-3.4.1.Final.jar" package="publisher-0.0.1-SNAPSHOT.jar: jboss-logging-3.4.1.Final.jar" skipped="0" tests="1" timestamp="2021-12-16T18:59:46.8787295"><testcase classname="dependency-check" name="publisher-0.0.1-SNAPSHOT.jar: jboss-logging-3.4.1.Final.jar"/></testsuite><testsuite failures="0" id="36" name="C:\Abhinav_work\scanning\Dependecy_Check_Log4j\projects\performance-monitoring\publisher\target\publisher-0.0.1-SNAPSHOT.jar\BOOT-INF\lib\jul-to-slf4j-1.7.30.jar" package="publisher-0.0.1-SNAPSHOT.jar: jul-to-slf4j-1.7.30.jar" skipped="0" tests="1" timestamp="2021-12-16T18:59:46.8787295"><testcase classname="dependency-check" name="publisher-0.0.1-SNAPSHOT.jar: jul-to-slf4j-1.7.30.jar"/></testsuite><testsuite failures="0" id="37" name="C:\Abhinav_work\scanning\Dependecy_Check_Log4j\projects\performance-monitoring\publisher\target\publisher-0.0.1-SNAPSHOT.jar\BOOT-INF\lib\junit-jupiter-api-5.5.2.jar" package="publisher-0.0.1-SNAPSHOT.jar: junit-jupiter-api-5.5.2.jar" skipped="0" tests="1" timestamp="2021-12-16T18:59:46.8787295"><testcase classname="dependency-check" name="publisher-0.0.1-SNAPSHOT.jar: junit-jupiter-api-5.5.2.jar"/></testsuite><testsuite failures="0" id="38" name="C:\Abhinav_work\scanning\Dependecy_Check_Log4j\projects\performance-monitoring\publisher\target\publisher-0.0.1-SNAPSHOT.jar\BOOT-INF\lib\junit-jupiter-engine-5.5.2.jar" package="publisher-0.0.1-SNAPSHOT.jar: junit-jupiter-engine-5.5.2.jar" skipped="0" tests="1" timestamp="2021-12-16T18:59:46.8787295"><testcase classname="dependency-check" name="publisher-0.0.1-SNAPSHOT.jar: junit-jupiter-engine-5.5.2.jar"/></testsuite><testsuite failures="0" id="39" name="C:\Abhinav_work\scanning\Dependecy_Check_Log4j\projects\performance-monitoring\publisher\target\publisher-0.0.1-SNAPSHOT.jar\BOOT-INF\lib\junit-platform-commons-1.5.2.jar" package="publisher-0.0.1-SNAPSHOT.jar: junit-platform-commons-1.5.2.jar" skipped="0" tests="1" timestamp="2021-12-16T18:59:46.8787295"><testcase classname="dependency-check" name="publisher-0.0.1-SNAPSHOT.jar: junit-platform-commons-1.5.2.jar"/></testsuite><testsuite failures="0" id="40" name="C:\Abhinav_work\scanning\Dependecy_Check_Log4j\projects\performance-monitoring\publisher\target\publisher-0.0.1-SNAPSHOT.jar\BOOT-INF\lib\junit-platform-engine-1.5.2.jar" package="publisher-0.0.1-SNAPSHOT.jar: junit-platform-engine-1.5.2.jar" skipped="0" tests="1" timestamp="2021-12-16T18:59:46.8787295"><testcase classname="dependency-check" name="publisher-0.0.1-SNAPSHOT.jar: junit-platform-engine-1.5.2.jar"/></testsuite><testsuite failures="3" id="41" name="C:\Abhinav_work\scanning\Dependecy_Check_Log4j\projects\performance-monitoring\publisher\target\publisher-0.0.1-SNAPSHOT.jar\BOOT-INF\lib\log4j-api-2.12.1.jar" package="publisher-0.0.1-SNAPSHOT.jar: log4j-api-2.12.1.jar" skipped="0" tests="3" timestamp="2021-12-16T18:59:46.8787295"><testcase classname="CVE-2020-9488" name="pkg:maven/org.apache.logging.log4j/log4j-api@2.12.1"><failure message="cvssV3: LOW, score: 3.7 (CVSS:3.1/AV:N/AC:H/PR:N/UI:N/S:U/C:L/I:N/A:N)"/><system-out>Improper validation of certificate with host mismatch in Apache Log4j SMTP appender. This could allow an SMTPS connection to be intercepted by a man-in-the-middle attack which could leak any log messages sent through that appender.</system-out><system-err>location: C:\Abhinav_work\scanning\Dependecy_Check_Log4j\projects\performance-monitoring\publisher\target\publisher-0.0.1-SNAPSHOT.jar\BOOT-INF\lib\log4j-api-2.12.1.jar</system-err></testcase><testcase classname="CVE-2021-44228" name="pkg:maven/org.apache.logging.log4j/log4j-api@2.12.1"><failure message="cvssV3: CRITICAL, score: 10.0 (CVSS:3.1/AV:N/AC:L/PR:N/UI:N/S:C/C:H/I:H/A:H)"/><system-out>Apache Log4j2 2.0-beta9 through 2.12.1 and 2.13.0 through 2.15.0 JNDI features used in configuration, log messages, and parameters do not protect against attacker controlled LDAP and other JNDI related endpoints. An attacker who can control log messages or log message parameters can execute arbitrary code loaded from LDAP servers when message lookup substitution is enabled. From log4j 2.15.0, this behavior has been disabled by default. From version 2.16.0, this functionality has been completely removed. Note that this vulnerability is specific to log4j-core and does not affect log4net, log4cxx, or other Apache Logging Services projects.</system-out><system-err>location: C:\Abhinav_work\scanning\Dependecy_Check_Log4j\projects\performance-monitoring\publisher\target\publisher-0.0.1-SNAPSHOT.jar\BOOT-INF\lib\log4j-api-2.12.1.jar</system-err></testcase><testcase classname="CVE-2021-45046" name="pkg:maven/org.apache.logging.log4j/log4j-api@2.12.1"><failure message="cvssV3: LOW, score: 3.7 (CVSS:3.1/AV:N/AC:H/PR:N/UI:N/S:U/C:N/I:N/A:L)"/><system-out>It was found that the fix to address CVE-2021-44228 in Apache Log4j 2.15.0 was incomplete in certain non-default configurations. This could allows attackers with control over Thread Context Map (MDC) input data when the logging configuration uses a non-default Pattern Layout with either a Context Lookup (for example, $${ctx:loginId}) or a Thread Context Map pattern (%X, %mdc, or %MDC) to craft malicious input data using a JNDI Lookup pattern resulting in a denial of service (DOS) attack. Log4j 2.15.0 makes a best-effort attempt to restrict JNDI LDAP lookups to localhost by default. Log4j 2.16.0 fixes this issue by removing support for message lookup patterns and disabling JNDI functionality by default.</system-out><system-err>location: C:\Abhinav_work\scanning\Dependecy_Check_Log4j\projects\performance-monitoring\publisher\target\publisher-0.0.1-SNAPSHOT.jar\BOOT-INF\lib\log4j-api-2.12.1.jar</system-err></testcase></testsuite><testsuite failures="0" id="42" name="C:\Abhinav_work\scanning\Dependecy_Check_Log4j\projects\performance-monitoring\publisher\target\publisher-0.0.1-SNAPSHOT.jar\BOOT-INF\lib\logback-core-1.2.3.jar" package="publisher-0.0.1-SNAPSHOT.jar: logback-core-1.2.3.jar" skipped="0" tests="1" timestamp="2021-12-16T18:59:46.8787295"><testcase classname="dependency-check" name="publisher-0.0.1-SNAPSHOT.jar: logback-core-1.2.3.jar"/></testsuite><testsuite failures="0" id="43" name="C:\Abhinav_work\scanning\Dependecy_Check_Log4j\projects\performance-monitoring\publisher\target\publisher-0.0.1-SNAPSHOT.jar\BOOT-INF\lib\lombok-1.18.12.jar" package="publisher-0.0.1-SNAPSHOT.jar: lombok-1.18.12.jar" skipped="0" tests="1" timestamp="2021-12-16T18:59:46.8787295"><testcase classname="dependency-check" name="publisher-0.0.1-SNAPSHOT.jar: lombok-1.18.12.jar"/></testsuite><testsuite failures="0" id="44" name="C:\Abhinav_work\scanning\Dependecy_Check_Log4j\projects\performance-monitoring\publisher\target\publisher-0.0.1-SNAPSHOT.jar\BOOT-INF\lib\micrometer-core-1.3.5.jar\META-INF/maven/org.pcollections/pcollections/pom.xml" package="publisher-0.0.1-SNAPSHOT.jar: micrometer-core-1.3.5.jar (shaded: org.pcollections:pcollections:3.1.0)" skipped="0" tests="1" timestamp="2021-12-16T18:59:46.8787295"><testcase classname="dependency-check" name="publisher-0.0.1-SNAPSHOT.jar: micrometer-core-1.3.5.jar (shaded: org.pcollections:pcollections:3.1.0)"/></testsuite><testsuite failures="0" id="45" name="C:\Abhinav_work\scanning\Dependecy_Check_Log4j\projects\performance-monitoring\publisher\target\publisher-0.0.1-SNAPSHOT.jar\BOOT-INF\lib\micrometer-core-1.3.5.jar" package="publisher-0.0.1-SNAPSHOT.jar: micrometer-core-1.3.5.jar" skipped="0" tests="1" timestamp="2021-12-16T18:59:46.8787295"><testcase classname="dependency-check" name="publisher-0.0.1-SNAPSHOT.jar: micrometer-core-1.3.5.jar"/></testsuite><testsuite failures="0" id="46" name="C:\Abhinav_work\scanning\Dependecy_Check_Log4j\projects\performance-monitoring\publisher\target\publisher-0.0.1-SNAPSHOT.jar\BOOT-INF\lib\micrometer-registry-prometheus-1.3.5.jar" package="publisher-0.0.1-SNAPSHOT.jar: micrometer-registry-prometheus-1.3.5.jar" skipped="0" tests="1" timestamp="2021-12-16T18:59:46.8787295"><testcase classname="dependency-check" name="publisher-0.0.1-SNAPSHOT.jar: micrometer-registry-prometheus-1.3.5.jar"/></testsuite><testsuite failures="0" id="47" name="C:\Abhinav_work\scanning\Dependecy_Check_Log4j\projects\performance-monitoring\publisher\target\publisher-0.0.1-SNAPSHOT.jar\BOOT-INF\lib\opentest4j-1.2.0.jar" package="publisher-0.0.1-SNAPSHOT.jar: opentest4j-1.2.0.jar" skipped="0" tests="1" timestamp="2021-12-16T18:59:46.8787295"><testcase classname="dependency-check" name="publisher-0.0.1-SNAPSHOT.jar: opentest4j-1.2.0.jar"/></testsuite><testsuite failures="0" id="48" name="C:\Abhinav_work\scanning\Dependecy_Check_Log4j\projects\performance-monitoring\publisher\target\publisher-0.0.1-SNAPSHOT.jar\BOOT-INF\lib\reactive-streams-1.0.3.jar" package="publisher-0.0.1-SNAPSHOT.jar: reactive-streams-1.0.3.jar" skipped="0" tests="1" timestamp="2021-12-16T18:59:46.8787295"><testcase classname="dependency-check" name="publisher-0.0.1-SNAPSHOT.jar: reactive-streams-1.0.3.jar"/></testsuite><testsuite failures="0" id="49" name="C:\Abhinav_work\scanning\Dependecy_Check_Log4j\projects\performance-monitoring\publisher\target\publisher-0.0.1-SNAPSHOT.jar\BOOT-INF\lib\reactor-core-3.3.3.RELEASE.jar" package="publisher-0.0.1-SNAPSHOT.jar: reactor-core-3.3.3.RELEASE.jar" skipped="0" tests="1" timestamp="2021-12-16T18:59:46.8787295"><testcase classname="dependency-check" name="publisher-0.0.1-SNAPSHOT.jar: reactor-core-3.3.3.RELEASE.jar"/></testsuite><testsuite failures="0" id="50" name="C:\Abhinav_work\scanning\Dependecy_Check_Log4j\projects\performance-monitoring\publisher\target\publisher-0.0.1-SNAPSHOT.jar\BOOT-INF\lib\simpleclient-0.7.0.jar" package="publisher-0.0.1-SNAPSHOT.jar: simpleclient-0.7.0.jar" skipped="0" tests="1" timestamp="2021-12-16T18:59:46.8787295"><testcase classname="dependency-check" name="publisher-0.0.1-SNAPSHOT.jar: simpleclient-0.7.0.jar"/></testsuite><testsuite failures="0" id="51" name="C:\Abhinav_work\scanning\Dependecy_Check_Log4j\projects\performance-monitoring\publisher\target\publisher-0.0.1-SNAPSHOT.jar\BOOT-INF\lib\slf4j-api-1.7.30.jar" package="publisher-0.0.1-SNAPSHOT.jar: slf4j-api-1.7.30.jar" skipped="0" tests="1" timestamp="2021-12-16T18:59:46.8787295"><testcase classname="dependency-check" name="publisher-0.0.1-SNAPSHOT.jar: slf4j-api-1.7.30.jar"/></testsuite><testsuite failures="1" id="52" name="C:\Abhinav_work\scanning\Dependecy_Check_Log4j\projects\performance-monitoring\publisher\target\publisher-0.0.1-SNAPSHOT.jar\BOOT-INF\lib\snakeyaml-1.25.jar" package="publisher-0.0.1-SNAPSHOT.jar: snakeyaml-1.25.jar" skipped="0" tests="1" timestamp="2021-12-16T18:59:46.8787295"><testcase classname="CVE-2017-18640" name="pkg:maven/org.yaml/snakeyaml@1.25"><failure message="cvssV3: HIGH, score: 7.5 (CVSS:3.1/AV:N/AC:L/PR:N/UI:N/S:U/C:N/I:N/A:H)"/><system-out>The Alias feature in SnakeYAML 1.18 allows entity expansion during a load operation, a related issue to CVE-2003-1564.</system-out><system-err>location: C:\Abhinav_work\scanning\Dependecy_Check_Log4j\projects\performance-monitoring\publisher\target\publisher-0.0.1-SNAPSHOT.jar\BOOT-INF\lib\snakeyaml-1.25.jar</system-err></testcase></testsuite><testsuite failures="2" id="53" name="C:\Abhinav_work\scanning\Dependecy_Check_Log4j\projects\performance-monitoring\publisher\target\publisher-0.0.1-SNAPSHOT.jar\BOOT-INF\lib\spring-amqp-2.2.5.RELEASE.jar" package="publisher-0.0.1-SNAPSHOT.jar: spring-amqp-2.2.5.RELEASE.jar" skipped="0" tests="2" timestamp="2021-12-16T18:59:46.8787295"><testcase classname="CVE-2021-22095" name="pkg:maven/org.springframework.amqp/spring-amqp@2.2.5.RELEASE"><failure message="cvssV3: MEDIUM, score: 6.5 (CVSS:3.1/AV:N/AC:L/PR:L/UI:N/S:U/C:N/I:N/A:H)"/><system-out>In Spring AMQP versions 2.2.0 - 2.2.19 and 2.3.0 - 2.3.11, the Spring AMQP Message object, in its toString() method, will create a new String object from the message body, regardless of its size. This can cause an OOM Error with a large message</system-out><system-err>location: C:\Abhinav_work\scanning\Dependecy_Check_Log4j\projects\performance-monitoring\publisher\target\publisher-0.0.1-SNAPSHOT.jar\BOOT-INF\lib\spring-amqp-2.2.5.RELEASE.jar</system-err></testcase><testcase classname="CVE-2021-22097" name="pkg:maven/org.springframework.amqp/spring-amqp@2.2.5.RELEASE"><failure message="cvssV3: MEDIUM, score: 6.5 (CVSS:3.1/AV:N/AC:L/PR:L/UI:N/S:U/C:N/I:N/A:H)"/><system-out>In Spring AMQP versions 2.2.0 - 2.2.18 and 2.3.0 - 2.3.10, the Spring AMQP Message object, in its toString() method, will deserialize a body for a message with content type application/x-java-serialized-object. It is possible to construct a malicious java.util.Dictionary object that can cause 100% CPU usage in the application if the toString() method is called.</system-out><system-err>location: C:\Abhinav_work\scanning\Dependecy_Check_Log4j\projects\performance-monitoring\publisher\target\publisher-0.0.1-SNAPSHOT.jar\BOOT-INF\lib\spring-amqp-2.2.5.RELEASE.jar</system-err></testcase></testsuite><testsuite failures="0" id="54" name="C:\Abhinav_work\scanning\Dependecy_Check_Log4j\projects\performance-monitoring\publisher\target\publisher-0.0.1-SNAPSHOT.jar\BOOT-INF\lib\spring-boot-2.2.5.RELEASE.jar" package="publisher-0.0.1-SNAPSHOT.jar: spring-boot-2.2.5.RELEASE.jar" skipped="0" tests="1" timestamp="2021-12-16T18:59:46.8787295"><testcase classname="dependency-check" name="publisher-0.0.1-SNAPSHOT.jar: spring-boot-2.2.5.RELEASE.jar"/></testsuite><testsuite failures="0" id="55" name="C:\Abhinav_work\scanning\Dependecy_Check_Log4j\projects\performance-monitoring\publisher\target\publisher-0.0.1-SNAPSHOT.jar\BOOT-INF\lib\spring-boot-starter-amqp-2.2.5.RELEASE.jar" package="publisher-0.0.1-SNAPSHOT.jar: spring-boot-starter-amqp-2.2.5.RELEASE.jar" skipped="0" tests="1" timestamp="2021-12-16T18:59:46.8787295"><testcase classname="dependency-check" name="publisher-0.0.1-SNAPSHOT.jar: spring-boot-starter-amqp-2.2.5.RELEASE.jar"/></testsuite><testsuite failures="0" id="56" name="C:\Abhinav_work\scanning\Dependecy_Check_Log4j\projects\performance-monitoring\publisher\target\publisher-0.0.1-SNAPSHOT.jar\BOOT-INF\lib\spring-cloud-commons-2.2.2.RELEASE.jar" package="publisher-0.0.1-SNAPSHOT.jar: spring-cloud-commons-2.2.2.RELEASE.jar" skipped="0" tests="1" timestamp="2021-12-16T18:59:46.8787295"><testcase classname="dependency-check" name="publisher-0.0.1-SNAPSHOT.jar: spring-cloud-commons-2.2.2.RELEASE.jar"/></testsuite><testsuite failures="0" id="57" name="C:\Abhinav_work\scanning\Dependecy_Check_Log4j\projects\performance-monitoring\publisher\target\publisher-0.0.1-SNAPSHOT.jar\BOOT-INF\lib\spring-cloud-context-2.2.2.RELEASE.jar" package="publisher-0.0.1-SNAPSHOT.jar: spring-cloud-context-2.2.2.RELEASE.jar" skipped="0" tests="1" timestamp="2021-12-16T18:59:46.8787295"><testcase classname="dependency-check" name="publisher-0.0.1-SNAPSHOT.jar: spring-cloud-context-2.2.2.RELEASE.jar"/></testsuite><testsuite failures="0" id="58" name="C:\Abhinav_work\scanning\Dependecy_Check_Log4j\projects\performance-monitoring\publisher\target\publisher-0.0.1-SNAPSHOT.jar\BOOT-INF\lib\spring-cloud-function-context-3.0.3.RELEASE.jar" package="publisher-0.0.1-SNAPSHOT.jar: spring-cloud-function-context-3.0.3.RELEASE.jar" skipped="0" tests="1" timestamp="2021-12-16T18:59:46.8787295"><testcase classname="dependency-check" name="publisher-0.0.1-SNAPSHOT.jar: spring-cloud-function-context-3.0.3.RELEASE.jar"/></testsuite><testsuite failures="0" id="59" name="C:\Abhinav_work\scanning\Dependecy_Check_Log4j\projects\performance-monitoring\publisher\target\publisher-0.0.1-SNAPSHOT.jar\BOOT-INF\lib\spring-cloud-function-core-3.0.3.RELEASE.jar" package="publisher-0.0.1-SNAPSHOT.jar: spring-cloud-function-core-3.0.3.RELEASE.jar" skipped="0" tests="1" timestamp="2021-12-16T18:59:46.8787295"><testcase classname="dependency-check" name="publisher-0.0.1-SNAPSHOT.jar: spring-cloud-function-core-3.0.3.RELEASE.jar"/></testsuite><testsuite failures="0" id="60" name="C:\Abhinav_work\scanning\Dependecy_Check_Log4j\projects\performance-monitoring\publisher\target\publisher-0.0.1-SNAPSHOT.jar\BOOT-INF\lib\spring-cloud-sleuth-core-2.2.2.RELEASE.jar" package="publisher-0.0.1-SNAPSHOT.jar: spring-cloud-sleuth-core-2.2.2.RELEASE.jar" skipped="0" tests="1" timestamp="2021-12-16T18:59:46.8787295"><testcase classname="dependency-check" name="publisher-0.0.1-SNAPSHOT.jar: spring-cloud-sleuth-core-2.2.2.RELEASE.jar"/></testsuite><testsuite failures="0" id="61" name="C:\Abhinav_work\scanning\Dependecy_Check_Log4j\projects\performance-monitoring\publisher\target\publisher-0.0.1-SNAPSHOT.jar\BOOT-INF\lib\spring-cloud-sleuth-zipkin-2.2.2.RELEASE.jar" package="publisher-0.0.1-SNAPSHOT.jar: spring-cloud-sleuth-zipkin-2.2.2.RELEASE.jar" skipped="0" tests="1" timestamp="2021-12-16T18:59:46.8787295"><testcase classname="dependency-check" name="publisher-0.0.1-SNAPSHOT.jar: spring-cloud-sleuth-zipkin-2.2.2.RELEASE.jar"/></testsuite><testsuite failures="0" id="62" name="C:\Abhinav_work\scanning\Dependecy_Check_Log4j\projects\performance-monitoring\publisher\target\publisher-0.0.1-SNAPSHOT.jar\BOOT-INF\lib\spring-cloud-starter-2.2.2.RELEASE.jar" package="publisher-0.0.1-SNAPSHOT.jar: spring-cloud-starter-2.2.2.RELEASE.jar" skipped="0" tests="1" timestamp="2021-12-16T18:59:46.8787295"><testcase classname="dependency-check" name="publisher-0.0.1-SNAPSHOT.jar: spring-cloud-starter-2.2.2.RELEASE.jar"/></testsuite><testsuite failures="0" id="63" name="C:\Abhinav_work\scanning\Dependecy_Check_Log4j\projects\performance-monitoring\publisher\target\publisher-0.0.1-SNAPSHOT.jar\BOOT-INF\lib\spring-cloud-starter-sleuth-2.2.2.RELEASE.jar" package="publisher-0.0.1-SNAPSHOT.jar: spring-cloud-starter-sleuth-2.2.2.RELEASE.jar" skipped="0" tests="1" timestamp="2021-12-16T18:59:46.8787295"><testcase classname="dependency-check" name="publisher-0.0.1-SNAPSHOT.jar: spring-cloud-starter-sleuth-2.2.2.RELEASE.jar"/></testsuite><testsuite failures="0" id="64" name="C:\Abhinav_work\scanning\Dependecy_Check_Log4j\projects\performance-monitoring\publisher\target\publisher-0.0.1-SNAPSHOT.jar\BOOT-INF\lib\spring-cloud-starter-stream-rabbit-3.0.3.RELEASE.jar" package="publisher-0.0.1-SNAPSHOT.jar: spring-cloud-starter-stream-rabbit-3.0.3.RELEASE.jar" skipped="0" tests="1" timestamp="2021-12-16T18:59:46.8787295"><testcase classname="dependency-check" name="publisher-0.0.1-SNAPSHOT.jar: spring-cloud-starter-stream-rabbit-3.0.3.RELEASE.jar"/></testsuite><testsuite failures="0" id="65" name="C:\Abhinav_work\scanning\Dependecy_Check_Log4j\projects\performance-monitoring\publisher\target\publisher-0.0.1-SNAPSHOT.jar\BOOT-INF\lib\spring-cloud-starter-zipkin-2.2.2.RELEASE.jar" package="publisher-0.0.1-SNAPSHOT.jar: spring-cloud-starter-zipkin-2.2.2.RELEASE.jar" skipped="0" tests="1" timestamp="2021-12-16T18:59:46.8787295"><testcase classname="dependency-check" name="publisher-0.0.1-SNAPSHOT.jar: spring-cloud-starter-zipkin-2.2.2.RELEASE.jar"/></testsuite><testsuite failures="0" id="66" name="C:\Abhinav_work\scanning\Dependecy_Check_Log4j\projects\performance-monitoring\publisher\target\publisher-0.0.1-SNAPSHOT.jar\BOOT-INF\lib\spring-cloud-stream-3.0.3.RELEASE.jar" package="publisher-0.0.1-SNAPSHOT.jar: spring-cloud-stream-3.0.3.RELEASE.jar" skipped="0" tests="1" timestamp="2021-12-16T18:59:46.8787295"><testcase classname="dependency-check" name="publisher-0.0.1-SNAPSHOT.jar: spring-cloud-stream-3.0.3.RELEASE.jar"/></testsuite><testsuite failures="0" id="67" name="C:\Abhinav_work\scanning\Dependecy_Check_Log4j\projects\performance-monitoring\publisher\target\publisher-0.0.1-SNAPSHOT.jar\BOOT-INF\lib\spring-cloud-stream-binder-rabbit-3.0.3.RELEASE.jar" package="publisher-0.0.1-SNAPSHOT.jar: spring-cloud-stream-binder-rabbit-3.0.3.RELEASE.jar" skipped="0" tests="1" timestamp="2021-12-16T18:59:46.8787295"><testcase classname="dependency-check" name="publisher-0.0.1-SNAPSHOT.jar: spring-cloud-stream-binder-rabbit-3.0.3.RELEASE.jar"/></testsuite><testsuite failures="0" id="68" name="C:\Abhinav_work\scanning\Dependecy_Check_Log4j\projects\performance-monitoring\publisher\target\publisher-0.0.1-SNAPSHOT.jar\BOOT-INF\lib\spring-cloud-stream-binder-rabbit-core-3.0.3.RELEASE.jar" package="publisher-0.0.1-SNAPSHOT.jar: spring-cloud-stream-binder-rabbit-core-3.0.3.RELEASE.jar" skipped="0" tests="1" timestamp="2021-12-16T18:59:46.8787295"><testcase classname="dependency-check" name="publisher-0.0.1-SNAPSHOT.jar: spring-cloud-stream-binder-rabbit-core-3.0.3.RELEASE.jar"/></testsuite><testsuite failures="3" id="69" name="C:\Abhinav_work\scanning\Dependecy_Check_Log4j\projects\performance-monitoring\publisher\target\publisher-0.0.1-SNAPSHOT.jar\BOOT-INF\lib\spring-core-5.2.4.RELEASE.jar" package="publisher-0.0.1-SNAPSHOT.jar: spring-core-5.2.4.RELEASE.jar" skipped="0" tests="3" timestamp="2021-12-16T18:59:46.8787295"><testcase classname="CVE-2020-5421" name="pkg:maven/org.springframework/spring-core@5.2.4.RELEASE"><failure message="cvssV3: MEDIUM, score: 6.5 (CVSS:3.1/AV:N/AC:H/PR:L/UI:R/S:C/C:L/I:H/A:N)"/><system-out>In Spring Framework versions 5.2.0 - 5.2.8, 5.1.0 - 5.1.17, 5.0.0 - 5.0.18, 4.3.0 - 4.3.28, and older unsupported versions, the protections against RFD attacks from CVE-2015-5211 may be bypassed depending on the browser used through the use of a jsessionid path parameter.</system-out><system-err>location: C:\Abhinav_work\scanning\Dependecy_Check_Log4j\projects\performance-monitoring\publisher\target\publisher-0.0.1-SNAPSHOT.jar\BOOT-INF\lib\spring-core-5.2.4.RELEASE.jar</system-err></testcase><testcase classname="CVE-2021-22096" name="pkg:maven/org.springframework/spring-core@5.2.4.RELEASE"><failure message="cvssV3: MEDIUM, score: 4.3 (CVSS:3.1/AV:N/AC:L/PR:L/UI:N/S:U/C:N/I:L/A:N)"/><system-out>In Spring Framework versions 5.3.0 - 5.3.10, 5.2.0 - 5.2.17, and older unsupported versions, it is possible for a user to provide malicious input to cause the insertion of additional log entries.</system-out><system-err>location: C:\Abhinav_work\scanning\Dependecy_Check_Log4j\projects\performance-monitoring\publisher\target\publisher-0.0.1-SNAPSHOT.jar\BOOT-INF\lib\spring-core-5.2.4.RELEASE.jar</system-err></testcase><testcase classname="CVE-2021-22118" name="pkg:maven/org.springframework/spring-core@5.2.4.RELEASE"><failure message="cvssV3: HIGH, score: 7.8 (CVSS:3.1/AV:L/AC:L/PR:L/UI:N/S:U/C:H/I:H/A:H)"/><system-out>In Spring Framework, versions 5.2.x prior to 5.2.15 and versions 5.3.x prior to 5.3.7, a WebFlux application is vulnerable to a privilege escalation: by (re)creating the temporary storage directory, a locally authenticated malicious user can read or modify files that have been uploaded to the WebFlux application, or overwrite arbitrary files with multipart request data.</system-out><system-err>location: C:\Abhinav_work\scanning\Dependecy_Check_Log4j\projects\performance-monitoring\publisher\target\publisher-0.0.1-SNAPSHOT.jar\BOOT-INF\lib\spring-core-5.2.4.RELEASE.jar</system-err></testcase></testsuite><testsuite failures="1" id="70" name="C:\Abhinav_work\scanning\Dependecy_Check_Log4j\projects\performance-monitoring\publisher\target\publisher-0.0.1-SNAPSHOT.jar\BOOT-INF\lib\spring-integration-core-5.2.4.RELEASE.jar" package="publisher-0.0.1-SNAPSHOT.jar: spring-integration-core-5.2.4.RELEASE.jar" skipped="0" tests="1" timestamp="2021-12-16T18:59:46.8787295"><testcase classname="CVE-2020-5413" name="pkg:maven/org.springframework.integration/spring-integration-core@5.2.4.RELEASE"><failure message="cvssV3: CRITICAL, score: 9.8 (CVSS:3.1/AV:N/AC:L/PR:N/UI:N/S:U/C:H/I:H/A:H)"/><system-out>Spring Integration framework provides Kryo Codec implementations as an alternative for Java (de)serialization. When Kryo is configured with default options, all unregistered classes are resolved on demand. This leads to the &quot;deserialization gadgets&quot; exploit when provided data contains malicious code for execution during deserialization. In order to protect against this type of attack, Kryo can be configured to require a set of trusted classes for (de)serialization. Spring Integration should be proactive against blocking unknown &quot;deserialization gadgets&quot; when configuring Kryo in code.</system-out><system-err>location: C:\Abhinav_work\scanning\Dependecy_Check_Log4j\projects\performance-monitoring\publisher\target\publisher-0.0.1-SNAPSHOT.jar\BOOT-INF\lib\spring-integration-core-5.2.4.RELEASE.jar</system-err></testcase></testsuite><testsuite failures="0" id="71" name="C:\Abhinav_work\scanning\Dependecy_Check_Log4j\projects\performance-monitoring\publisher\target\publisher-0.0.1-SNAPSHOT.jar\BOOT-INF\lib\spring-retry-1.2.5.RELEASE.jar" package="publisher-0.0.1-SNAPSHOT.jar: spring-retry-1.2.5.RELEASE.jar" skipped="0" tests="1" timestamp="2021-12-16T18:59:46.8787295"><testcase classname="dependency-check" name="publisher-0.0.1-SNAPSHOT.jar: spring-retry-1.2.5.RELEASE.jar"/></testsuite><testsuite failures="4" id="72" name="C:\Abhinav_work\scanning\Dependecy_Check_Log4j\projects\performance-monitoring\publisher\target\publisher-0.0.1-SNAPSHOT.jar\BOOT-INF\lib\spring-security-crypto-5.2.2.RELEASE.jar" package="publisher-0.0.1-SNAPSHOT.jar: spring-security-crypto-5.2.2.RELEASE.jar" skipped="0" tests="4" timestamp="2021-12-16T18:59:46.8787295"><testcase classname="CVE-2020-5407" name="pkg:maven/org.springframework.security/spring-security-crypto@5.2.2.RELEASE"><failure message="cvssV3: HIGH, score: 8.8 (CVSS:3.1/AV:N/AC:L/PR:L/UI:N/S:U/C:H/I:H/A:H)"/><system-out>Spring Security versions 5.2.x prior to 5.2.4 and 5.3.x prior to 5.3.2 contain a signature wrapping vulnerability during SAML response validation. When using the spring-security-saml2-service-provider component, a malicious user can carefully modify an otherwise valid SAML response and append an arbitrary assertion that Spring Security will accept as valid.</system-out><system-err>location: C:\Abhinav_work\scanning\Dependecy_Check_Log4j\projects\performance-monitoring\publisher\target\publisher-0.0.1-SNAPSHOT.jar\BOOT-INF\lib\spring-security-crypto-5.2.2.RELEASE.jar</system-err></testcase><testcase classname="CVE-2020-5408" name="pkg:maven/org.springframework.security/spring-security-crypto@5.2.2.RELEASE"><failure message="cvssV3: MEDIUM, score: 6.5 (CVSS:3.1/AV:N/AC:L/PR:L/UI:N/S:U/C:H/I:N/A:N)"/><system-out>Spring Security versions 5.3.x prior to 5.3.2, 5.2.x prior to 5.2.4, 5.1.x prior to 5.1.10, 5.0.x prior to 5.0.16 and 4.2.x prior to 4.2.16 use a fixed null initialization vector with CBC Mode in the implementation of the queryable text encryptor. A malicious user with access to the data that has been encrypted using such an encryptor may be able to derive the unencrypted values using a dictionary attack.</system-out><system-err>location: C:\Abhinav_work\scanning\Dependecy_Check_Log4j\projects\performance-monitoring\publisher\target\publisher-0.0.1-SNAPSHOT.jar\BOOT-INF\lib\spring-security-crypto-5.2.2.RELEASE.jar</system-err></testcase><testcase classname="CVE-2021-22112" name="pkg:maven/org.springframework.security/spring-security-crypto@5.2.2.RELEASE"><failure message="cvssV3: HIGH, score: 8.8 (CVSS:3.1/AV:N/AC:L/PR:L/UI:N/S:U/C:H/I:H/A:H)"/><system-out>Spring Security 5.4.x prior to 5.4.4, 5.3.x prior to 5.3.8.RELEASE, 5.2.x prior to 5.2.9.RELEASE, and older unsupported versions can fail to save the SecurityContext if it is changed more than once in a single request.A malicious user cannot cause the bug to happen (it must be programmed in). However, if the application&apos;s intent is to only allow the user to run with elevated privileges in a small portion of the application, the bug can be leveraged to extend those privileges to the rest of the application.</system-out><system-err>location: C:\Abhinav_work\scanning\Dependecy_Check_Log4j\projects\performance-monitoring\publisher\target\publisher-0.0.1-SNAPSHOT.jar\BOOT-INF\lib\spring-security-crypto-5.2.2.RELEASE.jar</system-err></testcase><testcase classname="CVE-2021-22119" name="pkg:maven/org.springframework.security/spring-security-crypto@5.2.2.RELEASE"><failure message="cvssV3: HIGH, score: 7.5 (CVSS:3.1/AV:N/AC:L/PR:N/UI:N/S:U/C:N/I:N/A:H)"/><system-out>Spring Security versions 5.5.x prior to 5.5.1, 5.4.x prior to 5.4.7, 5.3.x prior to 5.3.10 and 5.2.x prior to 5.2.11 are susceptible to a Denial-of-Service (DoS) attack via the initiation of the Authorization Request in an OAuth 2.0 Client Web and WebFlux application. A malicious user or attacker can send multiple requests initiating the Authorization Request for the Authorization Code Grant, which has the potential of exhausting system resources using a single session or multiple sessions.</system-out><system-err>location: C:\Abhinav_work\scanning\Dependecy_Check_Log4j\projects\performance-monitoring\publisher\target\publisher-0.0.1-SNAPSHOT.jar\BOOT-INF\lib\spring-security-crypto-5.2.2.RELEASE.jar</system-err></testcase></testsuite><testsuite failures="0" id="73" name="C:\Abhinav_work\scanning\Dependecy_Check_Log4j\projects\performance-monitoring\publisher\target\publisher-0.0.1-SNAPSHOT.jar\BOOT-INF\lib\spring-security-rsa-1.0.9.RELEASE.jar" package="publisher-0.0.1-SNAPSHOT.jar: spring-security-rsa-1.0.9.RELEASE.jar" skipped="0" tests="1" timestamp="2021-12-16T18:59:46.8787295"><testcase classname="dependency-check" name="publisher-0.0.1-SNAPSHOT.jar: spring-security-rsa-1.0.9.RELEASE.jar"/></testsuite><testsuite failures="3" id="74" name="C:\Abhinav_work\scanning\Dependecy_Check_Log4j\projects\performance-monitoring\publisher\target\publisher-0.0.1-SNAPSHOT.jar\BOOT-INF\lib\spring-tx-5.2.4.RELEASE.jar" package="publisher-0.0.1-SNAPSHOT.jar: spring-tx-5.2.4.RELEASE.jar" skipped="0" tests="3" timestamp="2021-12-16T18:59:46.8787295"><testcase classname="CVE-2020-5421" name="pkg:maven/org.springframework/spring-tx@5.2.4.RELEASE"><failure message="cvssV3: MEDIUM, score: 6.5 (CVSS:3.1/AV:N/AC:H/PR:L/UI:R/S:C/C:L/I:H/A:N)"/><system-out>In Spring Framework versions 5.2.0 - 5.2.8, 5.1.0 - 5.1.17, 5.0.0 - 5.0.18, 4.3.0 - 4.3.28, and older unsupported versions, the protections against RFD attacks from CVE-2015-5211 may be bypassed depending on the browser used through the use of a jsessionid path parameter.</system-out><system-err>location: C:\Abhinav_work\scanning\Dependecy_Check_Log4j\projects\performance-monitoring\publisher\target\publisher-0.0.1-SNAPSHOT.jar\BOOT-INF\lib\spring-tx-5.2.4.RELEASE.jar</system-err></testcase><testcase classname="CVE-2021-22096" name="pkg:maven/org.springframework/spring-tx@5.2.4.RELEASE"><failure message="cvssV3: MEDIUM, score: 4.3 (CVSS:3.1/AV:N/AC:L/PR:L/UI:N/S:U/C:N/I:L/A:N)"/><system-out>In Spring Framework versions 5.3.0 - 5.3.10, 5.2.0 - 5.2.17, and older unsupported versions, it is possible for a user to provide malicious input to cause the insertion of additional log entries.</system-out><system-err>location: C:\Abhinav_work\scanning\Dependecy_Check_Log4j\projects\performance-monitoring\publisher\target\publisher-0.0.1-SNAPSHOT.jar\BOOT-INF\lib\spring-tx-5.2.4.RELEASE.jar</system-err></testcase><testcase classname="CVE-2021-22118" name="pkg:maven/org.springframework/spring-tx@5.2.4.RELEASE"><failure message="cvssV3: HIGH, score: 7.8 (CVSS:3.1/AV:L/AC:L/PR:L/UI:N/S:U/C:H/I:H/A:H)"/><system-out>In Spring Framework, versions 5.2.x prior to 5.2.15 and versions 5.3.x prior to 5.3.7, a WebFlux application is vulnerable to a privilege escalation: by (re)creating the temporary storage directory, a locally authenticated malicious user can read or modify files that have been uploaded to the WebFlux application, or overwrite arbitrary files with multipart request data.</system-out><system-err>location: C:\Abhinav_work\scanning\Dependecy_Check_Log4j\projects\performance-monitoring\publisher\target\publisher-0.0.1-SNAPSHOT.jar\BOOT-INF\lib\spring-tx-5.2.4.RELEASE.jar</system-err></testcase></testsuite><testsuite failures="13" id="75" name="C:\Abhinav_work\scanning\Dependecy_Check_Log4j\projects\performance-monitoring\publisher\target\publisher-0.0.1-SNAPSHOT.jar\BOOT-INF\lib\tomcat-embed-core-9.0.31.jar" package="publisher-0.0.1-SNAPSHOT.jar: tomcat-embed-core-9.0.31.jar" skipped="0" tests="13" timestamp="2021-12-16T18:59:46.8787295"><testcase classname="CVE-2020-11996" name="pkg:maven/org.apache.tomcat.embed/tomcat-embed-core@9.0.31"><failure message="cvssV3: HIGH, score: 7.5 (CVSS:3.1/AV:N/AC:L/PR:N/UI:N/S:U/C:N/I:N/A:H)"/><system-out>A specially crafted sequence of HTTP/2 requests sent to Apache Tomcat 10.0.0-M1 to 10.0.0-M5, 9.0.0.M1 to 9.0.35 and 8.5.0 to 8.5.55 could trigger high CPU usage for several seconds. If a sufficient number of such requests were made on concurrent HTTP/2 connections, the server could become unresponsive.</system-out><system-err>location: C:\Abhinav_work\scanning\Dependecy_Check_Log4j\projects\performance-monitoring\publisher\target\publisher-0.0.1-SNAPSHOT.jar\BOOT-INF\lib\tomcat-embed-core-9.0.31.jar</system-err></testcase><testcase classname="CVE-2020-13934" name="pkg:maven/org.apache.tomcat.embed/tomcat-embed-core@9.0.31"><failure message="cvssV3: HIGH, score: 7.5 (CVSS:3.1/AV:N/AC:L/PR:N/UI:N/S:U/C:N/I:N/A:H)"/><system-out>An h2c direct connection to Apache Tomcat 10.0.0-M1 to 10.0.0-M6, 9.0.0.M5 to 9.0.36 and 8.5.1 to 8.5.56 did not release the HTTP/1.1 processor after the upgrade to HTTP/2. If a sufficient number of such requests were made, an OutOfMemoryException could occur leading to a denial of service.</system-out><system-err>location: C:\Abhinav_work\scanning\Dependecy_Check_Log4j\projects\performance-monitoring\publisher\target\publisher-0.0.1-SNAPSHOT.jar\BOOT-INF\lib\tomcat-embed-core-9.0.31.jar</system-err></testcase><testcase classname="CVE-2020-13935" name="pkg:maven/org.apache.tomcat.embed/tomcat-embed-core@9.0.31"><failure message="cvssV3: HIGH, score: 7.5 (CVSS:3.1/AV:N/AC:L/PR:N/UI:N/S:U/C:N/I:N/A:H)"/><system-out>The payload length in a WebSocket frame was not correctly validated in Apache Tomcat 10.0.0-M1 to 10.0.0-M6, 9.0.0.M1 to 9.0.36, 8.5.0 to 8.5.56 and 7.0.27 to 7.0.104. Invalid payload lengths could trigger an infinite loop. Multiple requests with invalid payload lengths could lead to a denial of service.</system-out><system-err>location: C:\Abhinav_work\scanning\Dependecy_Check_Log4j\projects\performance-monitoring\publisher\target\publisher-0.0.1-SNAPSHOT.jar\BOOT-INF\lib\tomcat-embed-core-9.0.31.jar</system-err></testcase><testcase classname="CVE-2020-13943" name="pkg:maven/org.apache.tomcat.embed/tomcat-embed-core@9.0.31"><failure message="cvssV3: MEDIUM, score: 4.3 (CVSS:3.1/AV:N/AC:L/PR:L/UI:N/S:U/C:L/I:N/A:N)"/><system-out>If an HTTP/2 client connecting to Apache Tomcat 10.0.0-M1 to 10.0.0-M7, 9.0.0.M1 to 9.0.37 or 8.5.0 to 8.5.57 exceeded the agreed maximum number of concurrent streams for a connection (in violation of the HTTP/2 protocol), it was possible that a subsequent request made on that connection could contain HTTP headers - including HTTP/2 pseudo headers - from a previous request rather than the intended headers. This could lead to users seeing responses for unexpected resources.</system-out><system-err>location: C:\Abhinav_work\scanning\Dependecy_Check_Log4j\projects\performance-monitoring\publisher\target\publisher-0.0.1-SNAPSHOT.jar\BOOT-INF\lib\tomcat-embed-core-9.0.31.jar</system-err></testcase><testcase classname="CVE-2020-17527" name="pkg:maven/org.apache.tomcat.embed/tomcat-embed-core@9.0.31"><failure message="cvssV3: HIGH, score: 7.5 (CVSS:3.1/AV:N/AC:L/PR:N/UI:N/S:U/C:H/I:N/A:N)"/><system-out>While investigating bug 64830 it was discovered that Apache Tomcat 10.0.0-M1 to 10.0.0-M9, 9.0.0-M1 to 9.0.39 and 8.5.0 to 8.5.59 could re-use an HTTP request header value from the previous stream received on an HTTP/2 connection for the request associated with the subsequent stream. While this would most likely lead to an error and the closure of the HTTP/2 connection, it is possible that information could leak between requests.</system-out><system-err>location: C:\Abhinav_work\scanning\Dependecy_Check_Log4j\projects\performance-monitoring\publisher\target\publisher-0.0.1-SNAPSHOT.jar\BOOT-INF\lib\tomcat-embed-core-9.0.31.jar</system-err></testcase><testcase classname="CVE-2020-9484" name="pkg:maven/org.apache.tomcat.embed/tomcat-embed-core@9.0.31"><failure message="cvssV3: HIGH, score: 7.0 (CVSS:3.1/AV:L/AC:H/PR:L/UI:N/S:U/C:H/I:H/A:H)"/><system-out>When using Apache Tomcat versions 10.0.0-M1 to 10.0.0-M4, 9.0.0.M1 to 9.0.34, 8.5.0 to 8.5.54 and 7.0.0 to 7.0.103 if a) an attacker is able to control the contents and name of a file on the server; and b) the server is configured to use the PersistenceManager with a FileStore; and c) the PersistenceManager is configured with sessionAttributeValueClassNameFilter=&quot;null&quot; (the default unless a SecurityManager is used) or a sufficiently lax filter to allow the attacker provided object to be deserialized; and d) the attacker knows the relative file path from the storage location used by FileStore to the file the attacker has control over; then, using a specifically crafted request, the attacker will be able to trigger remote code execution via deserialization of the file under their control. Note that all of conditions a) to d) must be true for the attack to succeed.</system-out><system-err>location: C:\Abhinav_work\scanning\Dependecy_Check_Log4j\projects\performance-monitoring\publisher\target\publisher-0.0.1-SNAPSHOT.jar\BOOT-INF\lib\tomcat-embed-core-9.0.31.jar</system-err></testcase><testcase classname="CVE-2021-24122" name="pkg:maven/org.apache.tomcat.embed/tomcat-embed-core@9.0.31"><failure message="cvssV3: MEDIUM, score: 5.9 (CVSS:3.1/AV:N/AC:H/PR:N/UI:N/S:U/C:H/I:N/A:N)"/><system-out>When serving resources from a network location using the NTFS file system, Apache Tomcat versions 10.0.0-M1 to 10.0.0-M9, 9.0.0.M1 to 9.0.39, 8.5.0 to 8.5.59 and 7.0.0 to 7.0.106 were susceptible to JSP source code disclosure in some configurations. The root cause was the unexpected behaviour of the JRE API File.getCanonicalPath() which in turn was caused by the inconsistent behaviour of the Windows API (FindFirstFileW) in some circumstances.</system-out><system-err>location: C:\Abhinav_work\scanning\Dependecy_Check_Log4j\projects\performance-monitoring\publisher\target\publisher-0.0.1-SNAPSHOT.jar\BOOT-INF\lib\tomcat-embed-core-9.0.31.jar</system-err></testcase><testcase classname="CVE-2021-25122" name="pkg:maven/org.apache.tomcat.embed/tomcat-embed-core@9.0.31"><failure message="cvssV3: HIGH, score: 7.5 (CVSS:3.1/AV:N/AC:L/PR:N/UI:N/S:U/C:H/I:N/A:N)"/><system-out>When responding to new h2c connection requests, Apache Tomcat versions 10.0.0-M1 to 10.0.0, 9.0.0.M1 to 9.0.41 and 8.5.0 to 8.5.61 could duplicate request headers and a limited amount of request body from one request to another meaning user A and user B could both see the results of user A&apos;s request.</system-out><system-err>location: C:\Abhinav_work\scanning\Dependecy_Check_Log4j\projects\performance-monitoring\publisher\target\publisher-0.0.1-SNAPSHOT.jar\BOOT-INF\lib\tomcat-embed-core-9.0.31.jar</system-err></testcase><testcase classname="CVE-2021-25329" name="pkg:maven/org.apache.tomcat.embed/tomcat-embed-core@9.0.31"><failure message="cvssV3: HIGH, score: 7.0 (CVSS:3.1/AV:L/AC:H/PR:L/UI:N/S:U/C:H/I:H/A:H)"/><system-out>The fix for CVE-2020-9484 was incomplete. When using Apache Tomcat 10.0.0-M1 to 10.0.0, 9.0.0.M1 to 9.0.41, 8.5.0 to 8.5.61 or 7.0.0. to 7.0.107 with a configuration edge case that was highly unlikely to be used, the Tomcat instance was still vulnerable to CVE-2020-9494. Note that both the previously published prerequisites for CVE-2020-9484 and the previously published mitigations for CVE-2020-9484 also apply to this issue.</system-out><system-err>location: C:\Abhinav_work\scanning\Dependecy_Check_Log4j\projects\performance-monitoring\publisher\target\publisher-0.0.1-SNAPSHOT.jar\BOOT-INF\lib\tomcat-embed-core-9.0.31.jar</system-err></testcase><testcase classname="CVE-2021-30640" name="pkg:maven/org.apache.tomcat.embed/tomcat-embed-core@9.0.31"><failure message="cvssV3: MEDIUM, score: 6.5 (CVSS:3.1/AV:N/AC:H/PR:N/UI:N/S:U/C:L/I:H/A:N)"/><system-out>A vulnerability in the JNDI Realm of Apache Tomcat allows an attacker to authenticate using variations of a valid user name and/or to bypass some of the protection provided by the LockOut Realm. This issue affects Apache Tomcat 10.0.0-M1 to 10.0.5; 9.0.0.M1 to 9.0.45; 8.5.0 to 8.5.65.</system-out><system-err>location: C:\Abhinav_work\scanning\Dependecy_Check_Log4j\projects\performance-monitoring\publisher\target\publisher-0.0.1-SNAPSHOT.jar\BOOT-INF\lib\tomcat-embed-core-9.0.31.jar</system-err></testcase><testcase classname="CVE-2021-33037" name="pkg:maven/org.apache.tomcat.embed/tomcat-embed-core@9.0.31"><failure message="cvssV3: MEDIUM, score: 5.3 (CVSS:3.1/AV:N/AC:L/PR:N/UI:N/S:U/C:N/I:L/A:N)"/><system-out>Apache Tomcat 10.0.0-M1 to 10.0.6, 9.0.0.M1 to 9.0.46 and 8.5.0 to 8.5.66 did not correctly parse the HTTP transfer-encoding request header in some circumstances leading to the possibility to request smuggling when used with a reverse proxy. Specifically: - Tomcat incorrectly ignored the transfer encoding header if the client declared it would only accept an HTTP/1.0 response; - Tomcat honoured the identify encoding; and - Tomcat did not ensure that, if present, the chunked encoding was the final encoding.</system-out><system-err>location: C:\Abhinav_work\scanning\Dependecy_Check_Log4j\projects\performance-monitoring\publisher\target\publisher-0.0.1-SNAPSHOT.jar\BOOT-INF\lib\tomcat-embed-core-9.0.31.jar</system-err></testcase><testcase classname="CVE-2021-41079" name="pkg:maven/org.apache.tomcat.embed/tomcat-embed-core@9.0.31"><failure message="cvssV3: HIGH, score: 7.5 (CVSS:3.1/AV:N/AC:L/PR:N/UI:N/S:U/C:N/I:N/A:H)"/><system-out>Apache Tomcat 8.5.0 to 8.5.63, 9.0.0-M1 to 9.0.43 and 10.0.0-M1 to 10.0.2 did not properly validate incoming TLS packets. When Tomcat was configured to use NIO+OpenSSL or NIO2+OpenSSL for TLS, a specially crafted packet could be used to trigger an infinite loop resulting in a denial of service.</system-out><system-err>location: C:\Abhinav_work\scanning\Dependecy_Check_Log4j\projects\performance-monitoring\publisher\target\publisher-0.0.1-SNAPSHOT.jar\BOOT-INF\lib\tomcat-embed-core-9.0.31.jar</system-err></testcase><testcase classname="CVE-2021-42340" name="pkg:maven/org.apache.tomcat.embed/tomcat-embed-core@9.0.31"><failure message="cvssV3: HIGH, score: 7.5 (CVSS:3.1/AV:N/AC:L/PR:N/UI:N/S:U/C:N/I:N/A:H)"/><system-out>The fix for bug 63362 present in Apache Tomcat 10.1.0-M1 to 10.1.0-M5, 10.0.0-M1 to 10.0.11, 9.0.40 to 9.0.53 and 8.5.60 to 8.5.71 introduced a memory leak. The object introduced to collect metrics for HTTP upgrade connections was not released for WebSocket connections once the connection was closed. This created a memory leak that, over time, could lead to a denial of service via an OutOfMemoryError.</system-out><system-err>location: C:\Abhinav_work\scanning\Dependecy_Check_Log4j\projects\performance-monitoring\publisher\target\publisher-0.0.1-SNAPSHOT.jar\BOOT-INF\lib\tomcat-embed-core-9.0.31.jar</system-err></testcase></testsuite><testsuite failures="0" id="76" name="C:\Abhinav_work\scanning\Dependecy_Check_Log4j\projects\performance-monitoring\publisher\target\publisher-0.0.1-SNAPSHOT.jar\BOOT-INF\lib\tomcat-embed-el-9.0.31.jar" package="publisher-0.0.1-SNAPSHOT.jar: tomcat-embed-el-9.0.31.jar" skipped="0" tests="1" timestamp="2021-12-16T18:59:46.8787295"><testcase classname="dependency-check" name="publisher-0.0.1-SNAPSHOT.jar: tomcat-embed-el-9.0.31.jar"/></testsuite><testsuite failures="14" id="77" name="C:\Abhinav_work\scanning\Dependecy_Check_Log4j\projects\performance-monitoring\publisher\target\publisher-0.0.1-SNAPSHOT.jar\BOOT-INF\lib\tomcat-embed-websocket-9.0.31.jar" package="publisher-0.0.1-SNAPSHOT.jar: tomcat-embed-websocket-9.0.31.jar" skipped="0" tests="14" timestamp="2021-12-16T18:59:46.8787295"><testcase classname="CVE-2020-11996" name="pkg:maven/org.apache.tomcat.embed/tomcat-embed-websocket@9.0.31"><failure message="cvssV3: HIGH, score: 7.5 (CVSS:3.1/AV:N/AC:L/PR:N/UI:N/S:U/C:N/I:N/A:H)"/><system-out>A specially crafted sequence of HTTP/2 requests sent to Apache Tomcat 10.0.0-M1 to 10.0.0-M5, 9.0.0.M1 to 9.0.35 and 8.5.0 to 8.5.55 could trigger high CPU usage for several seconds. If a sufficient number of such requests were made on concurrent HTTP/2 connections, the server could become unresponsive.</system-out><system-err>location: C:\Abhinav_work\scanning\Dependecy_Check_Log4j\projects\performance-monitoring\publisher\target\publisher-0.0.1-SNAPSHOT.jar\BOOT-INF\lib\tomcat-embed-websocket-9.0.31.jar</system-err></testcase><testcase classname="CVE-2020-13934" name="pkg:maven/org.apache.tomcat.embed/tomcat-embed-websocket@9.0.31"><failure message="cvssV3: HIGH, score: 7.5 (CVSS:3.1/AV:N/AC:L/PR:N/UI:N/S:U/C:N/I:N/A:H)"/><system-out>An h2c direct connection to Apache Tomcat 10.0.0-M1 to 10.0.0-M6, 9.0.0.M5 to 9.0.36 and 8.5.1 to 8.5.56 did not release the HTTP/1.1 processor after the upgrade to HTTP/2. If a sufficient number of such requests were made, an OutOfMemoryException could occur leading to a denial of service.</system-out><system-err>location: C:\Abhinav_work\scanning\Dependecy_Check_Log4j\projects\performance-monitoring\publisher\target\publisher-0.0.1-SNAPSHOT.jar\BOOT-INF\lib\tomcat-embed-websocket-9.0.31.jar</system-err></testcase><testcase classname="CVE-2020-13935" name="pkg:maven/org.apache.tomcat.embed/tomcat-embed-websocket@9.0.31"><failure message="cvssV3: HIGH, score: 7.5 (CVSS:3.1/AV:N/AC:L/PR:N/UI:N/S:U/C:N/I:N/A:H)"/><system-out>The payload length in a WebSocket frame was not correctly validated in Apache Tomcat 10.0.0-M1 to 10.0.0-M6, 9.0.0.M1 to 9.0.36, 8.5.0 to 8.5.56 and 7.0.27 to 7.0.104. Invalid payload lengths could trigger an infinite loop. Multiple requests with invalid payload lengths could lead to a denial of service.</system-out><system-err>location: C:\Abhinav_work\scanning\Dependecy_Check_Log4j\projects\performance-monitoring\publisher\target\publisher-0.0.1-SNAPSHOT.jar\BOOT-INF\lib\tomcat-embed-websocket-9.0.31.jar</system-err></testcase><testcase classname="CVE-2020-13943" name="pkg:maven/org.apache.tomcat.embed/tomcat-embed-websocket@9.0.31"><failure message="cvssV3: MEDIUM, score: 4.3 (CVSS:3.1/AV:N/AC:L/PR:L/UI:N/S:U/C:L/I:N/A:N)"/><system-out>If an HTTP/2 client connecting to Apache Tomcat 10.0.0-M1 to 10.0.0-M7, 9.0.0.M1 to 9.0.37 or 8.5.0 to 8.5.57 exceeded the agreed maximum number of concurrent streams for a connection (in violation of the HTTP/2 protocol), it was possible that a subsequent request made on that connection could contain HTTP headers - including HTTP/2 pseudo headers - from a previous request rather than the intended headers. This could lead to users seeing responses for unexpected resources.</system-out><system-err>location: C:\Abhinav_work\scanning\Dependecy_Check_Log4j\projects\performance-monitoring\publisher\target\publisher-0.0.1-SNAPSHOT.jar\BOOT-INF\lib\tomcat-embed-websocket-9.0.31.jar</system-err></testcase><testcase classname="CVE-2020-17527" name="pkg:maven/org.apache.tomcat.embed/tomcat-embed-websocket@9.0.31"><failure message="cvssV3: HIGH, score: 7.5 (CVSS:3.1/AV:N/AC:L/PR:N/UI:N/S:U/C:H/I:N/A:N)"/><system-out>While investigating bug 64830 it was discovered that Apache Tomcat 10.0.0-M1 to 10.0.0-M9, 9.0.0-M1 to 9.0.39 and 8.5.0 to 8.5.59 could re-use an HTTP request header value from the previous stream received on an HTTP/2 connection for the request associated with the subsequent stream. While this would most likely lead to an error and the closure of the HTTP/2 connection, it is possible that information could leak between requests.</system-out><system-err>location: C:\Abhinav_work\scanning\Dependecy_Check_Log4j\projects\performance-monitoring\publisher\target\publisher-0.0.1-SNAPSHOT.jar\BOOT-INF\lib\tomcat-embed-websocket-9.0.31.jar</system-err></testcase><testcase classname="CVE-2020-8022" name="pkg:maven/org.apache.tomcat.embed/tomcat-embed-websocket@9.0.31"><failure message="cvssV3: HIGH, score: 7.8 (CVSS:3.1/AV:L/AC:L/PR:L/UI:N/S:U/C:H/I:H/A:H)"/><system-out>A Incorrect Default Permissions vulnerability in the packaging of tomcat on SUSE Enterprise Storage 5, SUSE Linux Enterprise Server 12-SP2-BCL, SUSE Linux Enterprise Server 12-SP2-LTSS, SUSE Linux Enterprise Server 12-SP3-BCL, SUSE Linux Enterprise Server 12-SP3-LTSS, SUSE Linux Enterprise Server 12-SP4, SUSE Linux Enterprise Server 12-SP5, SUSE Linux Enterprise Server 15-LTSS, SUSE Linux Enterprise Server for SAP 12-SP2, SUSE Linux Enterprise Server for SAP 12-SP3, SUSE Linux Enterprise Server for SAP 15, SUSE OpenStack Cloud 7, SUSE OpenStack Cloud 8, SUSE OpenStack Cloud Crowbar 8 allows local attackers to escalate from group tomcat to root. This issue affects: SUSE Enterprise Storage 5 tomcat versions prior to 8.0.53-29.32.1. SUSE Linux Enterprise Server 12-SP2-BCL tomcat versions prior to 8.0.53-29.32.1. SUSE Linux Enterprise Server 12-SP2-LTSS tomcat versions prior to 8.0.53-29.32.1. SUSE Linux Enterprise Server 12-SP3-BCL tomcat versions prior to 8.0.53-29.32.1. SUSE Linux Enterprise Server 12-SP3-LTSS tomcat versions prior to 8.0.53-29.32.1. SUSE Linux Enterprise Server 12-SP4 tomcat versions prior to 9.0.35-3.39.1. SUSE Linux Enterprise Server 12-SP5 tomcat versions prior to 9.0.35-3.39.1. SUSE Linux Enterprise Server 15-LTSS tomcat versions prior to 9.0.35-3.57.3. SUSE Linux Enterprise Server for SAP 12-SP2 tomcat versions prior to 8.0.53-29.32.1. SUSE Linux Enterprise Server for SAP 12-SP3 tomcat versions prior to 8.0.53-29.32.1. SUSE Linux Enterprise Server for SAP 15 tomcat versions prior to 9.0.35-3.57.3. SUSE OpenStack Cloud 7 tomcat versions prior to 8.0.53-29.32.1. SUSE OpenStack Cloud 8 tomcat versions prior to 8.0.53-29.32.1. SUSE OpenStack Cloud Crowbar 8 tomcat versions prior to 8.0.53-29.32.1.</system-out><system-err>location: C:\Abhinav_work\scanning\Dependecy_Check_Log4j\projects\performance-monitoring\publisher\target\publisher-0.0.1-SNAPSHOT.jar\BOOT-INF\lib\tomcat-embed-websocket-9.0.31.jar</system-err></testcase><testcase classname="CVE-2020-9484" name="pkg:maven/org.apache.tomcat.embed/tomcat-embed-websocket@9.0.31"><failure message="cvssV3: HIGH, score: 7.0 (CVSS:3.1/AV:L/AC:H/PR:L/UI:N/S:U/C:H/I:H/A:H)"/><system-out>When using Apache Tomcat versions 10.0.0-M1 to 10.0.0-M4, 9.0.0.M1 to 9.0.34, 8.5.0 to 8.5.54 and 7.0.0 to 7.0.103 if a) an attacker is able to control the contents and name of a file on the server; and b) the server is configured to use the PersistenceManager with a FileStore; and c) the PersistenceManager is configured with sessionAttributeValueClassNameFilter=&quot;null&quot; (the default unless a SecurityManager is used) or a sufficiently lax filter to allow the attacker provided object to be deserialized; and d) the attacker knows the relative file path from the storage location used by FileStore to the file the attacker has control over; then, using a specifically crafted request, the attacker will be able to trigger remote code execution via deserialization of the file under their control. Note that all of conditions a) to d) must be true for the attack to succeed.</system-out><system-err>location: C:\Abhinav_work\scanning\Dependecy_Check_Log4j\projects\performance-monitoring\publisher\target\publisher-0.0.1-SNAPSHOT.jar\BOOT-INF\lib\tomcat-embed-websocket-9.0.31.jar</system-err></testcase><testcase classname="CVE-2021-24122" name="pkg:maven/org.apache.tomcat.embed/tomcat-embed-websocket@9.0.31"><failure message="cvssV3: MEDIUM, score: 5.9 (CVSS:3.1/AV:N/AC:H/PR:N/UI:N/S:U/C:H/I:N/A:N)"/><system-out>When serving resources from a network location using the NTFS file system, Apache Tomcat versions 10.0.0-M1 to 10.0.0-M9, 9.0.0.M1 to 9.0.39, 8.5.0 to 8.5.59 and 7.0.0 to 7.0.106 were susceptible to JSP source code disclosure in some configurations. The root cause was the unexpected behaviour of the JRE API File.getCanonicalPath() which in turn was caused by the inconsistent behaviour of the Windows API (FindFirstFileW) in some circumstances.</system-out><system-err>location: C:\Abhinav_work\scanning\Dependecy_Check_Log4j\projects\performance-monitoring\publisher\target\publisher-0.0.1-SNAPSHOT.jar\BOOT-INF\lib\tomcat-embed-websocket-9.0.31.jar</system-err></testcase><testcase classname="CVE-2021-25122" name="pkg:maven/org.apache.tomcat.embed/tomcat-embed-websocket@9.0.31"><failure message="cvssV3: HIGH, score: 7.5 (CVSS:3.1/AV:N/AC:L/PR:N/UI:N/S:U/C:H/I:N/A:N)"/><system-out>When responding to new h2c connection requests, Apache Tomcat versions 10.0.0-M1 to 10.0.0, 9.0.0.M1 to 9.0.41 and 8.5.0 to 8.5.61 could duplicate request headers and a limited amount of request body from one request to another meaning user A and user B could both see the results of user A&apos;s request.</system-out><system-err>location: C:\Abhinav_work\scanning\Dependecy_Check_Log4j\projects\performance-monitoring\publisher\target\publisher-0.0.1-SNAPSHOT.jar\BOOT-INF\lib\tomcat-embed-websocket-9.0.31.jar</system-err></testcase><testcase classname="CVE-2021-25329" name="pkg:maven/org.apache.tomcat.embed/tomcat-embed-websocket@9.0.31"><failure message="cvssV3: HIGH, score: 7.0 (CVSS:3.1/AV:L/AC:H/PR:L/UI:N/S:U/C:H/I:H/A:H)"/><system-out>The fix for CVE-2020-9484 was incomplete. When using Apache Tomcat 10.0.0-M1 to 10.0.0, 9.0.0.M1 to 9.0.41, 8.5.0 to 8.5.61 or 7.0.0. to 7.0.107 with a configuration edge case that was highly unlikely to be used, the Tomcat instance was still vulnerable to CVE-2020-9494. Note that both the previously published prerequisites for CVE-2020-9484 and the previously published mitigations for CVE-2020-9484 also apply to this issue.</system-out><system-err>location: C:\Abhinav_work\scanning\Dependecy_Check_Log4j\projects\performance-monitoring\publisher\target\publisher-0.0.1-SNAPSHOT.jar\BOOT-INF\lib\tomcat-embed-websocket-9.0.31.jar</system-err></testcase><testcase classname="CVE-2021-30640" name="pkg:maven/org.apache.tomcat.embed/tomcat-embed-websocket@9.0.31"><failure message="cvssV3: MEDIUM, score: 6.5 (CVSS:3.1/AV:N/AC:H/PR:N/UI:N/S:U/C:L/I:H/A:N)"/><system-out>A vulnerability in the JNDI Realm of Apache Tomcat allows an attacker to authenticate using variations of a valid user name and/or to bypass some of the protection provided by the LockOut Realm. This issue affects Apache Tomcat 10.0.0-M1 to 10.0.5; 9.0.0.M1 to 9.0.45; 8.5.0 to 8.5.65.</system-out><system-err>location: C:\Abhinav_work\scanning\Dependecy_Check_Log4j\projects\performance-monitoring\publisher\target\publisher-0.0.1-SNAPSHOT.jar\BOOT-INF\lib\tomcat-embed-websocket-9.0.31.jar</system-err></testcase><testcase classname="CVE-2021-33037" name="pkg:maven/org.apache.tomcat.embed/tomcat-embed-websocket@9.0.31"><failure message="cvssV3: MEDIUM, score: 5.3 (CVSS:3.1/AV:N/AC:L/PR:N/UI:N/S:U/C:N/I:L/A:N)"/><system-out>Apache Tomcat 10.0.0-M1 to 10.0.6, 9.0.0.M1 to 9.0.46 and 8.5.0 to 8.5.66 did not correctly parse the HTTP transfer-encoding request header in some circumstances leading to the possibility to request smuggling when used with a reverse proxy. Specifically: - Tomcat incorrectly ignored the transfer encoding header if the client declared it would only accept an HTTP/1.0 response; - Tomcat honoured the identify encoding; and - Tomcat did not ensure that, if present, the chunked encoding was the final encoding.</system-out><system-err>location: C:\Abhinav_work\scanning\Dependecy_Check_Log4j\projects\performance-monitoring\publisher\target\publisher-0.0.1-SNAPSHOT.jar\BOOT-INF\lib\tomcat-embed-websocket-9.0.31.jar</system-err></testcase><testcase classname="CVE-2021-41079" name="pkg:maven/org.apache.tomcat.embed/tomcat-embed-websocket@9.0.31"><failure message="cvssV3: HIGH, score: 7.5 (CVSS:3.1/AV:N/AC:L/PR:N/UI:N/S:U/C:N/I:N/A:H)"/><system-out>Apache Tomcat 8.5.0 to 8.5.63, 9.0.0-M1 to 9.0.43 and 10.0.0-M1 to 10.0.2 did not properly validate incoming TLS packets. When Tomcat was configured to use NIO+OpenSSL or NIO2+OpenSSL for TLS, a specially crafted packet could be used to trigger an infinite loop resulting in a denial of service.</system-out><system-err>location: C:\Abhinav_work\scanning\Dependecy_Check_Log4j\projects\performance-monitoring\publisher\target\publisher-0.0.1-SNAPSHOT.jar\BOOT-INF\lib\tomcat-embed-websocket-9.0.31.jar</system-err></testcase><testcase classname="CVE-2021-42340" name="pkg:maven/org.apache.tomcat.embed/tomcat-embed-websocket@9.0.31"><failure message="cvssV3: HIGH, score: 7.5 (CVSS:3.1/AV:N/AC:L/PR:N/UI:N/S:U/C:N/I:N/A:H)"/><system-out>The fix for bug 63362 present in Apache Tomcat 10.1.0-M1 to 10.1.0-M5, 10.0.0-M1 to 10.0.11, 9.0.40 to 9.0.53 and 8.5.60 to 8.5.71 introduced a memory leak. The object introduced to collect metrics for HTTP upgrade connections was not released for WebSocket connections once the connection was closed. This created a memory leak that, over time, could lead to a denial of service via an OutOfMemoryError.</system-out><system-err>location: C:\Abhinav_work\scanning\Dependecy_Check_Log4j\projects\performance-monitoring\publisher\target\publisher-0.0.1-SNAPSHOT.jar\BOOT-INF\lib\tomcat-embed-websocket-9.0.31.jar</system-err></testcase></testsuite><testsuite failures="0" id="78" name="C:\Abhinav_work\scanning\Dependecy_Check_Log4j\projects\performance-monitoring\publisher\target\publisher-0.0.1-SNAPSHOT.jar\BOOT-INF\lib\zipkin-2.19.3.jar" package="publisher-0.0.1-SNAPSHOT.jar: zipkin-2.19.3.jar" skipped="0" tests="1" timestamp="2021-12-16T18:59:46.8787295"><testcase classname="dependency-check" name="publisher-0.0.1-SNAPSHOT.jar: zipkin-2.19.3.jar"/></testsuite><testsuite failures="0" id="79" name="C:\Abhinav_work\scanning\Dependecy_Check_Log4j\projects\performance-monitoring\publisher\target\publisher-0.0.1-SNAPSHOT.jar\BOOT-INF\lib\zipkin-reporter-2.12.1.jar" package="publisher-0.0.1-SNAPSHOT.jar: zipkin-reporter-2.12.1.jar" skipped="0" tests="1" timestamp="2021-12-16T18:59:46.8787295"><testcase classname="dependency-check" name="publisher-0.0.1-SNAPSHOT.jar: zipkin-reporter-2.12.1.jar"/></testsuite><testsuite failures="0" id="80" name="C:\Abhinav_work\scanning\Dependecy_Check_Log4j\projects\performance-monitoring\publisher\target\publisher-0.0.1-SNAPSHOT.jar\BOOT-INF\lib\zipkin-reporter-metrics-micrometer-2.12.1.jar" package="publisher-0.0.1-SNAPSHOT.jar: zipkin-reporter-metrics-micrometer-2.12.1.jar" skipped="0" tests="1" timestamp="2021-12-16T18:59:46.8787295"><testcase classname="dependency-check" name="publisher-0.0.1-SNAPSHOT.jar: zipkin-reporter-metrics-micrometer-2.12.1.jar"/></testsuite><testsuite failures="0" id="81" name="C:\Abhinav_work\scanning\Dependecy_Check_Log4j\projects\performance-monitoring\publisher\target\publisher-0.0.1-SNAPSHOT.jar\BOOT-INF\lib\zipkin-sender-activemq-client-2.12.1.jar" package="publisher-0.0.1-SNAPSHOT.jar: zipkin-sender-activemq-client-2.12.1.jar" skipped="0" tests="1" timestamp="2021-12-16T18:59:46.8787295"><testcase classname="dependency-check" name="publisher-0.0.1-SNAPSHOT.jar: zipkin-sender-activemq-client-2.12.1.jar"/></testsuite><testsuite failures="0" id="82" name="C:\Abhinav_work\scanning\Dependecy_Check_Log4j\projects\performance-monitoring\publisher\target\publisher-0.0.1-SNAPSHOT.jar\BOOT-INF\lib\zipkin-sender-amqp-client-2.12.1.jar" package="publisher-0.0.1-SNAPSHOT.jar: zipkin-sender-amqp-client-2.12.1.jar" skipped="0" tests="1" timestamp="2021-12-16T18:59:46.8787295"><testcase classname="dependency-check" name="publisher-0.0.1-SNAPSHOT.jar: zipkin-sender-amqp-client-2.12.1.jar"/></testsuite><testsuite failures="0" id="83" name="C:\Abhinav_work\scanning\Dependecy_Check_Log4j\projects\performance-monitoring\publisher\target\publisher-0.0.1-SNAPSHOT.jar\BOOT-INF\lib\zipkin-sender-kafka-2.12.1.jar" package="publisher-0.0.1-SNAPSHOT.jar: zipkin-sender-kafka-2.12.1.jar" skipped="0" tests="1" timestamp="2021-12-16T18:59:46.8787295"><testcase classname="dependency-check" name="publisher-0.0.1-SNAPSHOT.jar: zipkin-sender-kafka-2.12.1.jar"/></testsuite><testsuite failures="0" id="84" name="C:\Abhinav_work\scanning\Dependecy_Check_Log4j\projects\performance-monitoring\publisher\target\publisher-0.0.1-SNAPSHOT.jar" package="publisher-0.0.1-SNAPSHOT.jar" skipped="0" tests="1" timestamp="2021-12-16T18:59:46.8787295"><testcase classname="dependency-check" name="publisher-0.0.1-SNAPSHOT.jar"/></testsuite></testsuites>